  juego.cpp
C:\Users\kryat\Desktop\proyecto juego\ZombieKill\survivor.h(15,38): warning C4244:  '=': conversion from 'float' to 'int', possible loss of data
C:\Users\kryat\Desktop\proyecto juego\ZombieKill\juego.cpp(37,65): warning C4244:  'argument': conversion from 'T' to 'unsigned int', possible loss of data
C:\Users\kryat\Desktop\proyecto juego\ZombieKill\juego.cpp(37,65): warning C4244:         with
C:\Users\kryat\Desktop\proyecto juego\ZombieKill\juego.cpp(37,65): warning C4244:         [
C:\Users\kryat\Desktop\proyecto juego\ZombieKill\juego.cpp(37,65): warning C4244:             T=float
C:\Users\kryat\Desktop\proyecto juego\ZombieKill\juego.cpp(37,65): warning C4244:         ]
C:\Users\kryat\Desktop\proyecto juego\ZombieKill\juego.cpp(37,51): warning C4244:  'argument': conversion from 'T' to 'unsigned int', possible loss of data
C:\Users\kryat\Desktop\proyecto juego\ZombieKill\juego.cpp(37,51): warning C4244:         with
C:\Users\kryat\Desktop\proyecto juego\ZombieKill\juego.cpp(37,51): warning C4244:         [
C:\Users\kryat\Desktop\proyecto juego\ZombieKill\juego.cpp(37,51): warning C4244:             T=float
C:\Users\kryat\Desktop\proyecto juego\ZombieKill\juego.cpp(37,51): warning C4244:         ]
C:\Users\kryat\Desktop\proyecto juego\ZombieKill\juego.cpp(90,20): warning C4305:  '=': truncation from 'double' to 'float'
C:\Users\kryat\Desktop\proyecto juego\ZombieKill\juego.cpp(150,39): warning C4244:  'argument': conversion from 'int' to 'T', possible loss of data
C:\Users\kryat\Desktop\proyecto juego\ZombieKill\juego.cpp(150,39): warning C4244:         with
C:\Users\kryat\Desktop\proyecto juego\ZombieKill\juego.cpp(150,39): warning C4244:         [
C:\Users\kryat\Desktop\proyecto juego\ZombieKill\juego.cpp(150,39): warning C4244:             T=float
C:\Users\kryat\Desktop\proyecto juego\ZombieKill\juego.cpp(150,39): warning C4244:         ]
C:\Users\kryat\Desktop\proyecto juego\ZombieKill\juego.cpp(151,50): warning C4244:  'argument': conversion from 'int' to 'T', possible loss of data
C:\Users\kryat\Desktop\proyecto juego\ZombieKill\juego.cpp(151,50): warning C4244:         with
C:\Users\kryat\Desktop\proyecto juego\ZombieKill\juego.cpp(151,50): warning C4244:         [
C:\Users\kryat\Desktop\proyecto juego\ZombieKill\juego.cpp(151,50): warning C4244:             T=float
C:\Users\kryat\Desktop\proyecto juego\ZombieKill\juego.cpp(151,50): warning C4244:         ]
C:\Users\kryat\Desktop\proyecto juego\ZombieKill\juego.cpp(154,44): warning C4244:  'argument': conversion from 'int' to 'T', possible loss of data
C:\Users\kryat\Desktop\proyecto juego\ZombieKill\juego.cpp(154,44): warning C4244:         with
C:\Users\kryat\Desktop\proyecto juego\ZombieKill\juego.cpp(154,44): warning C4244:         [
C:\Users\kryat\Desktop\proyecto juego\ZombieKill\juego.cpp(154,44): warning C4244:             T=float
C:\Users\kryat\Desktop\proyecto juego\ZombieKill\juego.cpp(154,44): warning C4244:         ]
C:\Users\kryat\Desktop\proyecto juego\ZombieKill\juego.cpp(155,55): warning C4244:  'argument': conversion from 'int' to 'T', possible loss of data
C:\Users\kryat\Desktop\proyecto juego\ZombieKill\juego.cpp(155,55): warning C4244:         with
C:\Users\kryat\Desktop\proyecto juego\ZombieKill\juego.cpp(155,55): warning C4244:         [
C:\Users\kryat\Desktop\proyecto juego\ZombieKill\juego.cpp(155,55): warning C4244:             T=float
C:\Users\kryat\Desktop\proyecto juego\ZombieKill\juego.cpp(155,55): warning C4244:         ]
C:\Users\kryat\Desktop\proyecto juego\ZombieKill\juego.cpp(158,39): warning C4244:  'argument': conversion from 'int' to 'T', possible loss of data
C:\Users\kryat\Desktop\proyecto juego\ZombieKill\juego.cpp(158,39): warning C4244:         with
C:\Users\kryat\Desktop\proyecto juego\ZombieKill\juego.cpp(158,39): warning C4244:         [
C:\Users\kryat\Desktop\proyecto juego\ZombieKill\juego.cpp(158,39): warning C4244:             T=float
C:\Users\kryat\Desktop\proyecto juego\ZombieKill\juego.cpp(158,39): warning C4244:         ]
C:\Users\kryat\Desktop\proyecto juego\ZombieKill\juego.cpp(159,50): warning C4244:  'argument': conversion from 'int' to 'T', possible loss of data
C:\Users\kryat\Desktop\proyecto juego\ZombieKill\juego.cpp(159,50): warning C4244:         with
C:\Users\kryat\Desktop\proyecto juego\ZombieKill\juego.cpp(159,50): warning C4244:         [
C:\Users\kryat\Desktop\proyecto juego\ZombieKill\juego.cpp(159,50): warning C4244:             T=float
C:\Users\kryat\Desktop\proyecto juego\ZombieKill\juego.cpp(159,50): warning C4244:         ]
C:\Users\kryat\Desktop\proyecto juego\ZombieKill\juego.cpp(162,44): warning C4244:  'argument': conversion from 'int' to 'T', possible loss of data
C:\Users\kryat\Desktop\proyecto juego\ZombieKill\juego.cpp(162,44): warning C4244:         with
C:\Users\kryat\Desktop\proyecto juego\ZombieKill\juego.cpp(162,44): warning C4244:         [
C:\Users\kryat\Desktop\proyecto juego\ZombieKill\juego.cpp(162,44): warning C4244:             T=float
C:\Users\kryat\Desktop\proyecto juego\ZombieKill\juego.cpp(162,44): warning C4244:         ]
C:\Users\kryat\Desktop\proyecto juego\ZombieKill\juego.cpp(163,55): warning C4244:  'argument': conversion from 'int' to 'T', possible loss of data
C:\Users\kryat\Desktop\proyecto juego\ZombieKill\juego.cpp(163,55): warning C4244:         with
C:\Users\kryat\Desktop\proyecto juego\ZombieKill\juego.cpp(163,55): warning C4244:         [
C:\Users\kryat\Desktop\proyecto juego\ZombieKill\juego.cpp(163,55): warning C4244:             T=float
C:\Users\kryat\Desktop\proyecto juego\ZombieKill\juego.cpp(163,55): warning C4244:         ]
C:\Program Files (x86)\Microsoft Visual Studio\2019\Community\VC\Tools\MSVC\14.21.27702\include\xtgmath.h(22,46): warning C4244:  '=': conversion from 'double' to 'float', possible loss of data
C:\Users\kryat\Desktop\proyecto juego\ZombieKill\juego.cpp(203,50): warning C4244:  '=': conversion from 'int' to 'float', possible loss of data
C:\Users\kryat\Desktop\proyecto juego\ZombieKill\juego.cpp(208,29): warning C4244:  'argument': conversion from 'float' to 'int', possible loss of data
C:\Users\kryat\Desktop\proyecto juego\ZombieKill\juego.cpp(238,39): warning C4244:  'argument': conversion from 'int' to 'T', possible loss of data
C:\Users\kryat\Desktop\proyecto juego\ZombieKill\juego.cpp(238,39): warning C4244:         with
C:\Users\kryat\Desktop\proyecto juego\ZombieKill\juego.cpp(238,39): warning C4244:         [
C:\Users\kryat\Desktop\proyecto juego\ZombieKill\juego.cpp(238,39): warning C4244:             T=float
C:\Users\kryat\Desktop\proyecto juego\ZombieKill\juego.cpp(238,39): warning C4244:         ]
C:\Users\kryat\Desktop\proyecto juego\ZombieKill\juego.cpp(239,50): warning C4244:  'argument': conversion from 'int' to 'T', possible loss of data
C:\Users\kryat\Desktop\proyecto juego\ZombieKill\juego.cpp(239,50): warning C4244:         with
C:\Users\kryat\Desktop\proyecto juego\ZombieKill\juego.cpp(239,50): warning C4244:         [
C:\Users\kryat\Desktop\proyecto juego\ZombieKill\juego.cpp(239,50): warning C4244:             T=float
C:\Users\kryat\Desktop\proyecto juego\ZombieKill\juego.cpp(239,50): warning C4244:         ]
C:\Users\kryat\Desktop\proyecto juego\ZombieKill\juego.cpp(242,44): warning C4244:  'argument': conversion from 'int' to 'T', possible loss of data
C:\Users\kryat\Desktop\proyecto juego\ZombieKill\juego.cpp(242,44): warning C4244:         with
C:\Users\kryat\Desktop\proyecto juego\ZombieKill\juego.cpp(242,44): warning C4244:         [
C:\Users\kryat\Desktop\proyecto juego\ZombieKill\juego.cpp(242,44): warning C4244:             T=float
C:\Users\kryat\Desktop\proyecto juego\ZombieKill\juego.cpp(242,44): warning C4244:         ]
C:\Users\kryat\Desktop\proyecto juego\ZombieKill\juego.cpp(243,55): warning C4244:  'argument': conversion from 'int' to 'T', possible loss of data
C:\Users\kryat\Desktop\proyecto juego\ZombieKill\juego.cpp(243,55): warning C4244:         with
C:\Users\kryat\Desktop\proyecto juego\ZombieKill\juego.cpp(243,55): warning C4244:         [
C:\Users\kryat\Desktop\proyecto juego\ZombieKill\juego.cpp(243,55): warning C4244:             T=float
C:\Users\kryat\Desktop\proyecto juego\ZombieKill\juego.cpp(243,55): warning C4244:         ]
C:\Users\kryat\Desktop\proyecto juego\ZombieKill\juego.cpp(246,39): warning C4244:  'argument': conversion from 'int' to 'T', possible loss of data
C:\Users\kryat\Desktop\proyecto juego\ZombieKill\juego.cpp(246,39): warning C4244:         with
C:\Users\kryat\Desktop\proyecto juego\ZombieKill\juego.cpp(246,39): warning C4244:         [
C:\Users\kryat\Desktop\proyecto juego\ZombieKill\juego.cpp(246,39): warning C4244:             T=float
C:\Users\kryat\Desktop\proyecto juego\ZombieKill\juego.cpp(246,39): warning C4244:         ]
C:\Users\kryat\Desktop\proyecto juego\ZombieKill\juego.cpp(247,50): warning C4244:  'argument': conversion from 'int' to 'T', possible loss of data
C:\Users\kryat\Desktop\proyecto juego\ZombieKill\juego.cpp(247,50): warning C4244:         with
C:\Users\kryat\Desktop\proyecto juego\ZombieKill\juego.cpp(247,50): warning C4244:         [
C:\Users\kryat\Desktop\proyecto juego\ZombieKill\juego.cpp(247,50): warning C4244:             T=float
C:\Users\kryat\Desktop\proyecto juego\ZombieKill\juego.cpp(247,50): warning C4244:         ]
C:\Users\kryat\Desktop\proyecto juego\ZombieKill\juego.cpp(250,44): warning C4244:  'argument': conversion from 'int' to 'T', possible loss of data
C:\Users\kryat\Desktop\proyecto juego\ZombieKill\juego.cpp(250,44): warning C4244:         with
C:\Users\kryat\Desktop\proyecto juego\ZombieKill\juego.cpp(250,44): warning C4244:         [
C:\Users\kryat\Desktop\proyecto juego\ZombieKill\juego.cpp(250,44): warning C4244:             T=float
C:\Users\kryat\Desktop\proyecto juego\ZombieKill\juego.cpp(250,44): warning C4244:         ]
C:\Users\kryat\Desktop\proyecto juego\ZombieKill\juego.cpp(251,55): warning C4244:  'argument': conversion from 'int' to 'T', possible loss of data
C:\Users\kryat\Desktop\proyecto juego\ZombieKill\juego.cpp(251,55): warning C4244:         with
C:\Users\kryat\Desktop\proyecto juego\ZombieKill\juego.cpp(251,55): warning C4244:         [
C:\Users\kryat\Desktop\proyecto juego\ZombieKill\juego.cpp(251,55): warning C4244:             T=float
C:\Users\kryat\Desktop\proyecto juego\ZombieKill\juego.cpp(251,55): warning C4244:         ]
C:\Users\kryat\Desktop\proyecto juego\ZombieKill\juego.cpp(358,47): warning C4244:  'argument': conversion from 'int' to 'T', possible loss of data
C:\Users\kryat\Desktop\proyecto juego\ZombieKill\juego.cpp(358,47): warning C4244:         with
C:\Users\kryat\Desktop\proyecto juego\ZombieKill\juego.cpp(358,47): warning C4244:         [
C:\Users\kryat\Desktop\proyecto juego\ZombieKill\juego.cpp(358,47): warning C4244:             T=float
C:\Users\kryat\Desktop\proyecto juego\ZombieKill\juego.cpp(358,47): warning C4244:         ]
C:\Users\kryat\Desktop\proyecto juego\ZombieKill\juego.cpp(358,41): warning C4244:  'argument': conversion from 'int' to 'T', possible loss of data
C:\Users\kryat\Desktop\proyecto juego\ZombieKill\juego.cpp(358,41): warning C4244:         with
C:\Users\kryat\Desktop\proyecto juego\ZombieKill\juego.cpp(358,41): warning C4244:         [
C:\Users\kryat\Desktop\proyecto juego\ZombieKill\juego.cpp(358,41): warning C4244:             T=float
C:\Users\kryat\Desktop\proyecto juego\ZombieKill\juego.cpp(358,41): warning C4244:         ]
C:\Users\kryat\Desktop\proyecto juego\ZombieKill\juego.cpp(492,42): warning C4305:  'argument': truncation from 'double' to 'float'
C:\Users\kryat\Desktop\proyecto juego\ZombieKill\juego.cpp(313,42): warning C4101:  'por': unreferenced local variable
C:\Users\kryat\Desktop\proyecto juego\ZombieKill\juego.cpp(930,141): warning C4244:  'argument': conversion from 'T' to 'T', possible loss of data
C:\Users\kryat\Desktop\proyecto juego\ZombieKill\juego.cpp(930,141): warning C4244:         with
C:\Users\kryat\Desktop\proyecto juego\ZombieKill\juego.cpp(930,141): warning C4244:         [
C:\Users\kryat\Desktop\proyecto juego\ZombieKill\juego.cpp(930,141): warning C4244:             T=float
C:\Users\kryat\Desktop\proyecto juego\ZombieKill\juego.cpp(930,141): warning C4244:         ]
C:\Users\kryat\Desktop\proyecto juego\ZombieKill\juego.cpp(930,141): warning C4244:         and
C:\Users\kryat\Desktop\proyecto juego\ZombieKill\juego.cpp(930,141): warning C4244:         [
C:\Users\kryat\Desktop\proyecto juego\ZombieKill\juego.cpp(930,141): warning C4244:             T=int
C:\Users\kryat\Desktop\proyecto juego\ZombieKill\juego.cpp(930,141): warning C4244:         ]
C:\Users\kryat\Desktop\proyecto juego\ZombieKill\juego.cpp(930,105): warning C4244:  'argument': conversion from 'T' to 'T', possible loss of data
C:\Users\kryat\Desktop\proyecto juego\ZombieKill\juego.cpp(930,105): warning C4244:         with
C:\Users\kryat\Desktop\proyecto juego\ZombieKill\juego.cpp(930,105): warning C4244:         [
C:\Users\kryat\Desktop\proyecto juego\ZombieKill\juego.cpp(930,105): warning C4244:             T=float
C:\Users\kryat\Desktop\proyecto juego\ZombieKill\juego.cpp(930,105): warning C4244:         ]
C:\Users\kryat\Desktop\proyecto juego\ZombieKill\juego.cpp(930,105): warning C4244:         and
C:\Users\kryat\Desktop\proyecto juego\ZombieKill\juego.cpp(930,105): warning C4244:         [
C:\Users\kryat\Desktop\proyecto juego\ZombieKill\juego.cpp(930,105): warning C4244:             T=int
C:\Users\kryat\Desktop\proyecto juego\ZombieKill\juego.cpp(930,105): warning C4244:         ]
C:\Users\kryat\Desktop\proyecto juego\ZombieKill\juego.cpp(930,73): warning C4244:  'argument': conversion from 'const T' to 'T', possible loss of data
C:\Users\kryat\Desktop\proyecto juego\ZombieKill\juego.cpp(930,73): warning C4244:         with
C:\Users\kryat\Desktop\proyecto juego\ZombieKill\juego.cpp(930,73): warning C4244:         [
C:\Users\kryat\Desktop\proyecto juego\ZombieKill\juego.cpp(930,73): warning C4244:             T=float
C:\Users\kryat\Desktop\proyecto juego\ZombieKill\juego.cpp(930,73): warning C4244:         ]
C:\Users\kryat\Desktop\proyecto juego\ZombieKill\juego.cpp(930,73): warning C4244:         and
C:\Users\kryat\Desktop\proyecto juego\ZombieKill\juego.cpp(930,73): warning C4244:         [
C:\Users\kryat\Desktop\proyecto juego\ZombieKill\juego.cpp(930,73): warning C4244:             T=int
C:\Users\kryat\Desktop\proyecto juego\ZombieKill\juego.cpp(930,73): warning C4244:         ]
C:\Users\kryat\Desktop\proyecto juego\ZombieKill\juego.cpp(930,45): warning C4244:  'argument': conversion from 'const T' to 'T', possible loss of data
C:\Users\kryat\Desktop\proyecto juego\ZombieKill\juego.cpp(930,45): warning C4244:         with
C:\Users\kryat\Desktop\proyecto juego\ZombieKill\juego.cpp(930,45): warning C4244:         [
C:\Users\kryat\Desktop\proyecto juego\ZombieKill\juego.cpp(930,45): warning C4244:             T=float
C:\Users\kryat\Desktop\proyecto juego\ZombieKill\juego.cpp(930,45): warning C4244:         ]
C:\Users\kryat\Desktop\proyecto juego\ZombieKill\juego.cpp(930,45): warning C4244:         and
C:\Users\kryat\Desktop\proyecto juego\ZombieKill\juego.cpp(930,45): warning C4244:         [
C:\Users\kryat\Desktop\proyecto juego\ZombieKill\juego.cpp(930,45): warning C4244:             T=int
C:\Users\kryat\Desktop\proyecto juego\ZombieKill\juego.cpp(930,45): warning C4244:         ]
C:\Users\kryat\Desktop\proyecto juego\ZombieKill\juego.cpp(987,145): warning C4244:  'argument': conversion from 'T' to 'T', possible loss of data
C:\Users\kryat\Desktop\proyecto juego\ZombieKill\juego.cpp(987,145): warning C4244:         with
C:\Users\kryat\Desktop\proyecto juego\ZombieKill\juego.cpp(987,145): warning C4244:         [
C:\Users\kryat\Desktop\proyecto juego\ZombieKill\juego.cpp(987,145): warning C4244:             T=float
C:\Users\kryat\Desktop\proyecto juego\ZombieKill\juego.cpp(987,145): warning C4244:         ]
C:\Users\kryat\Desktop\proyecto juego\ZombieKill\juego.cpp(987,145): warning C4244:         and
C:\Users\kryat\Desktop\proyecto juego\ZombieKill\juego.cpp(987,145): warning C4244:         [
C:\Users\kryat\Desktop\proyecto juego\ZombieKill\juego.cpp(987,145): warning C4244:             T=int
C:\Users\kryat\Desktop\proyecto juego\ZombieKill\juego.cpp(987,145): warning C4244:         ]
C:\Users\kryat\Desktop\proyecto juego\ZombieKill\juego.cpp(987,108): warning C4244:  'argument': conversion from 'T' to 'T', possible loss of data
C:\Users\kryat\Desktop\proyecto juego\ZombieKill\juego.cpp(987,108): warning C4244:         with
C:\Users\kryat\Desktop\proyecto juego\ZombieKill\juego.cpp(987,108): warning C4244:         [
C:\Users\kryat\Desktop\proyecto juego\ZombieKill\juego.cpp(987,108): warning C4244:             T=float
C:\Users\kryat\Desktop\proyecto juego\ZombieKill\juego.cpp(987,108): warning C4244:         ]
C:\Users\kryat\Desktop\proyecto juego\ZombieKill\juego.cpp(987,108): warning C4244:         and
C:\Users\kryat\Desktop\proyecto juego\ZombieKill\juego.cpp(987,108): warning C4244:         [
C:\Users\kryat\Desktop\proyecto juego\ZombieKill\juego.cpp(987,108): warning C4244:             T=int
C:\Users\kryat\Desktop\proyecto juego\ZombieKill\juego.cpp(987,108): warning C4244:         ]
C:\Users\kryat\Desktop\proyecto juego\ZombieKill\juego.cpp(987,75): warning C4244:  'argument': conversion from 'const T' to 'T', possible loss of data
C:\Users\kryat\Desktop\proyecto juego\ZombieKill\juego.cpp(987,75): warning C4244:         with
C:\Users\kryat\Desktop\proyecto juego\ZombieKill\juego.cpp(987,75): warning C4244:         [
C:\Users\kryat\Desktop\proyecto juego\ZombieKill\juego.cpp(987,75): warning C4244:             T=float
C:\Users\kryat\Desktop\proyecto juego\ZombieKill\juego.cpp(987,75): warning C4244:         ]
C:\Users\kryat\Desktop\proyecto juego\ZombieKill\juego.cpp(987,75): warning C4244:         and
C:\Users\kryat\Desktop\proyecto juego\ZombieKill\juego.cpp(987,75): warning C4244:         [
C:\Users\kryat\Desktop\proyecto juego\ZombieKill\juego.cpp(987,75): warning C4244:             T=int
C:\Users\kryat\Desktop\proyecto juego\ZombieKill\juego.cpp(987,75): warning C4244:         ]
C:\Users\kryat\Desktop\proyecto juego\ZombieKill\juego.cpp(987,46): warning C4244:  'argument': conversion from 'const T' to 'T', possible loss of data
C:\Users\kryat\Desktop\proyecto juego\ZombieKill\juego.cpp(987,46): warning C4244:         with
C:\Users\kryat\Desktop\proyecto juego\ZombieKill\juego.cpp(987,46): warning C4244:         [
C:\Users\kryat\Desktop\proyecto juego\ZombieKill\juego.cpp(987,46): warning C4244:             T=float
C:\Users\kryat\Desktop\proyecto juego\ZombieKill\juego.cpp(987,46): warning C4244:         ]
C:\Users\kryat\Desktop\proyecto juego\ZombieKill\juego.cpp(987,46): warning C4244:         and
C:\Users\kryat\Desktop\proyecto juego\ZombieKill\juego.cpp(987,46): warning C4244:         [
C:\Users\kryat\Desktop\proyecto juego\ZombieKill\juego.cpp(987,46): warning C4244:             T=int
C:\Users\kryat\Desktop\proyecto juego\ZombieKill\juego.cpp(987,46): warning C4244:         ]
C:\Users\kryat\Desktop\proyecto juego\ZombieKill\juego.cpp(988,147): warning C4244:  'argument': conversion from 'T' to 'T', possible loss of data
C:\Users\kryat\Desktop\proyecto juego\ZombieKill\juego.cpp(988,147): warning C4244:         with
C:\Users\kryat\Desktop\proyecto juego\ZombieKill\juego.cpp(988,147): warning C4244:         [
C:\Users\kryat\Desktop\proyecto juego\ZombieKill\juego.cpp(988,147): warning C4244:             T=float
C:\Users\kryat\Desktop\proyecto juego\ZombieKill\juego.cpp(988,147): warning C4244:         ]
C:\Users\kryat\Desktop\proyecto juego\ZombieKill\juego.cpp(988,147): warning C4244:         and
C:\Users\kryat\Desktop\proyecto juego\ZombieKill\juego.cpp(988,147): warning C4244:         [
C:\Users\kryat\Desktop\proyecto juego\ZombieKill\juego.cpp(988,147): warning C4244:             T=int
C:\Users\kryat\Desktop\proyecto juego\ZombieKill\juego.cpp(988,147): warning C4244:         ]
C:\Users\kryat\Desktop\proyecto juego\ZombieKill\juego.cpp(988,110): warning C4244:  'argument': conversion from 'T' to 'T', possible loss of data
C:\Users\kryat\Desktop\proyecto juego\ZombieKill\juego.cpp(988,110): warning C4244:         with
C:\Users\kryat\Desktop\proyecto juego\ZombieKill\juego.cpp(988,110): warning C4244:         [
C:\Users\kryat\Desktop\proyecto juego\ZombieKill\juego.cpp(988,110): warning C4244:             T=float
C:\Users\kryat\Desktop\proyecto juego\ZombieKill\juego.cpp(988,110): warning C4244:         ]
C:\Users\kryat\Desktop\proyecto juego\ZombieKill\juego.cpp(988,110): warning C4244:         and
C:\Users\kryat\Desktop\proyecto juego\ZombieKill\juego.cpp(988,110): warning C4244:         [
C:\Users\kryat\Desktop\proyecto juego\ZombieKill\juego.cpp(988,110): warning C4244:             T=int
C:\Users\kryat\Desktop\proyecto juego\ZombieKill\juego.cpp(988,110): warning C4244:         ]
C:\Users\kryat\Desktop\proyecto juego\ZombieKill\juego.cpp(988,77): warning C4244:  'argument': conversion from 'const T' to 'T', possible loss of data
C:\Users\kryat\Desktop\proyecto juego\ZombieKill\juego.cpp(988,77): warning C4244:         with
C:\Users\kryat\Desktop\proyecto juego\ZombieKill\juego.cpp(988,77): warning C4244:         [
C:\Users\kryat\Desktop\proyecto juego\ZombieKill\juego.cpp(988,77): warning C4244:             T=float
C:\Users\kryat\Desktop\proyecto juego\ZombieKill\juego.cpp(988,77): warning C4244:         ]
C:\Users\kryat\Desktop\proyecto juego\ZombieKill\juego.cpp(988,77): warning C4244:         and
C:\Users\kryat\Desktop\proyecto juego\ZombieKill\juego.cpp(988,77): warning C4244:         [
C:\Users\kryat\Desktop\proyecto juego\ZombieKill\juego.cpp(988,77): warning C4244:             T=int
C:\Users\kryat\Desktop\proyecto juego\ZombieKill\juego.cpp(988,77): warning C4244:         ]
C:\Users\kryat\Desktop\proyecto juego\ZombieKill\juego.cpp(988,48): warning C4244:  'argument': conversion from 'const T' to 'T', possible loss of data
C:\Users\kryat\Desktop\proyecto juego\ZombieKill\juego.cpp(988,48): warning C4244:         with
C:\Users\kryat\Desktop\proyecto juego\ZombieKill\juego.cpp(988,48): warning C4244:         [
C:\Users\kryat\Desktop\proyecto juego\ZombieKill\juego.cpp(988,48): warning C4244:             T=float
C:\Users\kryat\Desktop\proyecto juego\ZombieKill\juego.cpp(988,48): warning C4244:         ]
C:\Users\kryat\Desktop\proyecto juego\ZombieKill\juego.cpp(988,48): warning C4244:         and
C:\Users\kryat\Desktop\proyecto juego\ZombieKill\juego.cpp(988,48): warning C4244:         [
C:\Users\kryat\Desktop\proyecto juego\ZombieKill\juego.cpp(988,48): warning C4244:             T=int
C:\Users\kryat\Desktop\proyecto juego\ZombieKill\juego.cpp(988,48): warning C4244:         ]
C:\Users\kryat\Desktop\proyecto juego\ZombieKill\juego.cpp(989,145): warning C4244:  'argument': conversion from 'T' to 'T', possible loss of data
C:\Users\kryat\Desktop\proyecto juego\ZombieKill\juego.cpp(989,145): warning C4244:         with
C:\Users\kryat\Desktop\proyecto juego\ZombieKill\juego.cpp(989,145): warning C4244:         [
C:\Users\kryat\Desktop\proyecto juego\ZombieKill\juego.cpp(989,145): warning C4244:             T=float
C:\Users\kryat\Desktop\proyecto juego\ZombieKill\juego.cpp(989,145): warning C4244:         ]
C:\Users\kryat\Desktop\proyecto juego\ZombieKill\juego.cpp(989,145): warning C4244:         and
C:\Users\kryat\Desktop\proyecto juego\ZombieKill\juego.cpp(989,145): warning C4244:         [
C:\Users\kryat\Desktop\proyecto juego\ZombieKill\juego.cpp(989,145): warning C4244:             T=int
C:\Users\kryat\Desktop\proyecto juego\ZombieKill\juego.cpp(989,145): warning C4244:         ]
C:\Users\kryat\Desktop\proyecto juego\ZombieKill\juego.cpp(989,108): warning C4244:  'argument': conversion from 'T' to 'T', possible loss of data
C:\Users\kryat\Desktop\proyecto juego\ZombieKill\juego.cpp(989,108): warning C4244:         with
C:\Users\kryat\Desktop\proyecto juego\ZombieKill\juego.cpp(989,108): warning C4244:         [
C:\Users\kryat\Desktop\proyecto juego\ZombieKill\juego.cpp(989,108): warning C4244:             T=float
C:\Users\kryat\Desktop\proyecto juego\ZombieKill\juego.cpp(989,108): warning C4244:         ]
C:\Users\kryat\Desktop\proyecto juego\ZombieKill\juego.cpp(989,108): warning C4244:         and
C:\Users\kryat\Desktop\proyecto juego\ZombieKill\juego.cpp(989,108): warning C4244:         [
C:\Users\kryat\Desktop\proyecto juego\ZombieKill\juego.cpp(989,108): warning C4244:             T=int
C:\Users\kryat\Desktop\proyecto juego\ZombieKill\juego.cpp(989,108): warning C4244:         ]
C:\Users\kryat\Desktop\proyecto juego\ZombieKill\juego.cpp(989,75): warning C4244:  'argument': conversion from 'const T' to 'T', possible loss of data
C:\Users\kryat\Desktop\proyecto juego\ZombieKill\juego.cpp(989,75): warning C4244:         with
C:\Users\kryat\Desktop\proyecto juego\ZombieKill\juego.cpp(989,75): warning C4244:         [
C:\Users\kryat\Desktop\proyecto juego\ZombieKill\juego.cpp(989,75): warning C4244:             T=float
C:\Users\kryat\Desktop\proyecto juego\ZombieKill\juego.cpp(989,75): warning C4244:         ]
C:\Users\kryat\Desktop\proyecto juego\ZombieKill\juego.cpp(989,75): warning C4244:         and
C:\Users\kryat\Desktop\proyecto juego\ZombieKill\juego.cpp(989,75): warning C4244:         [
C:\Users\kryat\Desktop\proyecto juego\ZombieKill\juego.cpp(989,75): warning C4244:             T=int
C:\Users\kryat\Desktop\proyecto juego\ZombieKill\juego.cpp(989,75): warning C4244:         ]
C:\Users\kryat\Desktop\proyecto juego\ZombieKill\juego.cpp(989,46): warning C4244:  'argument': conversion from 'const T' to 'T', possible loss of data
C:\Users\kryat\Desktop\proyecto juego\ZombieKill\juego.cpp(989,46): warning C4244:         with
C:\Users\kryat\Desktop\proyecto juego\ZombieKill\juego.cpp(989,46): warning C4244:         [
C:\Users\kryat\Desktop\proyecto juego\ZombieKill\juego.cpp(989,46): warning C4244:             T=float
C:\Users\kryat\Desktop\proyecto juego\ZombieKill\juego.cpp(989,46): warning C4244:         ]
C:\Users\kryat\Desktop\proyecto juego\ZombieKill\juego.cpp(989,46): warning C4244:         and
C:\Users\kryat\Desktop\proyecto juego\ZombieKill\juego.cpp(989,46): warning C4244:         [
C:\Users\kryat\Desktop\proyecto juego\ZombieKill\juego.cpp(989,46): warning C4244:             T=int
C:\Users\kryat\Desktop\proyecto juego\ZombieKill\juego.cpp(989,46): warning C4244:         ]
C:\Users\kryat\Desktop\proyecto juego\ZombieKill\juego.cpp(990,147): warning C4244:  'argument': conversion from 'T' to 'T', possible loss of data
C:\Users\kryat\Desktop\proyecto juego\ZombieKill\juego.cpp(990,147): warning C4244:         with
C:\Users\kryat\Desktop\proyecto juego\ZombieKill\juego.cpp(990,147): warning C4244:         [
C:\Users\kryat\Desktop\proyecto juego\ZombieKill\juego.cpp(990,147): warning C4244:             T=float
C:\Users\kryat\Desktop\proyecto juego\ZombieKill\juego.cpp(990,147): warning C4244:         ]
C:\Users\kryat\Desktop\proyecto juego\ZombieKill\juego.cpp(990,147): warning C4244:         and
C:\Users\kryat\Desktop\proyecto juego\ZombieKill\juego.cpp(990,147): warning C4244:         [
C:\Users\kryat\Desktop\proyecto juego\ZombieKill\juego.cpp(990,147): warning C4244:             T=int
C:\Users\kryat\Desktop\proyecto juego\ZombieKill\juego.cpp(990,147): warning C4244:         ]
C:\Users\kryat\Desktop\proyecto juego\ZombieKill\juego.cpp(990,110): warning C4244:  'argument': conversion from 'T' to 'T', possible loss of data
C:\Users\kryat\Desktop\proyecto juego\ZombieKill\juego.cpp(990,110): warning C4244:         with
C:\Users\kryat\Desktop\proyecto juego\ZombieKill\juego.cpp(990,110): warning C4244:         [
C:\Users\kryat\Desktop\proyecto juego\ZombieKill\juego.cpp(990,110): warning C4244:             T=float
C:\Users\kryat\Desktop\proyecto juego\ZombieKill\juego.cpp(990,110): warning C4244:         ]
C:\Users\kryat\Desktop\proyecto juego\ZombieKill\juego.cpp(990,110): warning C4244:         and
C:\Users\kryat\Desktop\proyecto juego\ZombieKill\juego.cpp(990,110): warning C4244:         [
C:\Users\kryat\Desktop\proyecto juego\ZombieKill\juego.cpp(990,110): warning C4244:             T=int
C:\Users\kryat\Desktop\proyecto juego\ZombieKill\juego.cpp(990,110): warning C4244:         ]
C:\Users\kryat\Desktop\proyecto juego\ZombieKill\juego.cpp(990,77): warning C4244:  'argument': conversion from 'const T' to 'T', possible loss of data
C:\Users\kryat\Desktop\proyecto juego\ZombieKill\juego.cpp(990,77): warning C4244:         with
C:\Users\kryat\Desktop\proyecto juego\ZombieKill\juego.cpp(990,77): warning C4244:         [
C:\Users\kryat\Desktop\proyecto juego\ZombieKill\juego.cpp(990,77): warning C4244:             T=float
C:\Users\kryat\Desktop\proyecto juego\ZombieKill\juego.cpp(990,77): warning C4244:         ]
C:\Users\kryat\Desktop\proyecto juego\ZombieKill\juego.cpp(990,77): warning C4244:         and
C:\Users\kryat\Desktop\proyecto juego\ZombieKill\juego.cpp(990,77): warning C4244:         [
C:\Users\kryat\Desktop\proyecto juego\ZombieKill\juego.cpp(990,77): warning C4244:             T=int
C:\Users\kryat\Desktop\proyecto juego\ZombieKill\juego.cpp(990,77): warning C4244:         ]
C:\Users\kryat\Desktop\proyecto juego\ZombieKill\juego.cpp(990,48): warning C4244:  'argument': conversion from 'const T' to 'T', possible loss of data
C:\Users\kryat\Desktop\proyecto juego\ZombieKill\juego.cpp(990,48): warning C4244:         with
C:\Users\kryat\Desktop\proyecto juego\ZombieKill\juego.cpp(990,48): warning C4244:         [
C:\Users\kryat\Desktop\proyecto juego\ZombieKill\juego.cpp(990,48): warning C4244:             T=float
C:\Users\kryat\Desktop\proyecto juego\ZombieKill\juego.cpp(990,48): warning C4244:         ]
C:\Users\kryat\Desktop\proyecto juego\ZombieKill\juego.cpp(990,48): warning C4244:         and
C:\Users\kryat\Desktop\proyecto juego\ZombieKill\juego.cpp(990,48): warning C4244:         [
C:\Users\kryat\Desktop\proyecto juego\ZombieKill\juego.cpp(990,48): warning C4244:             T=int
C:\Users\kryat\Desktop\proyecto juego\ZombieKill\juego.cpp(990,48): warning C4244:         ]
C:\Users\kryat\Desktop\proyecto juego\ZombieKill\juego.cpp(1042,145): warning C4244:  'argument': conversion from 'T' to 'T', possible loss of data
C:\Users\kryat\Desktop\proyecto juego\ZombieKill\juego.cpp(1042,145): warning C4244:         with
C:\Users\kryat\Desktop\proyecto juego\ZombieKill\juego.cpp(1042,145): warning C4244:         [
C:\Users\kryat\Desktop\proyecto juego\ZombieKill\juego.cpp(1042,145): warning C4244:             T=float
C:\Users\kryat\Desktop\proyecto juego\ZombieKill\juego.cpp(1042,145): warning C4244:         ]
C:\Users\kryat\Desktop\proyecto juego\ZombieKill\juego.cpp(1042,145): warning C4244:         and
C:\Users\kryat\Desktop\proyecto juego\ZombieKill\juego.cpp(1042,145): warning C4244:         [
C:\Users\kryat\Desktop\proyecto juego\ZombieKill\juego.cpp(1042,145): warning C4244:             T=int
C:\Users\kryat\Desktop\proyecto juego\ZombieKill\juego.cpp(1042,145): warning C4244:         ]
C:\Users\kryat\Desktop\proyecto juego\ZombieKill\juego.cpp(1042,108): warning C4244:  'argument': conversion from 'T' to 'T', possible loss of data
C:\Users\kryat\Desktop\proyecto juego\ZombieKill\juego.cpp(1042,108): warning C4244:         with
C:\Users\kryat\Desktop\proyecto juego\ZombieKill\juego.cpp(1042,108): warning C4244:         [
C:\Users\kryat\Desktop\proyecto juego\ZombieKill\juego.cpp(1042,108): warning C4244:             T=float
C:\Users\kryat\Desktop\proyecto juego\ZombieKill\juego.cpp(1042,108): warning C4244:         ]
C:\Users\kryat\Desktop\proyecto juego\ZombieKill\juego.cpp(1042,108): warning C4244:         and
C:\Users\kryat\Desktop\proyecto juego\ZombieKill\juego.cpp(1042,108): warning C4244:         [
C:\Users\kryat\Desktop\proyecto juego\ZombieKill\juego.cpp(1042,108): warning C4244:             T=int
C:\Users\kryat\Desktop\proyecto juego\ZombieKill\juego.cpp(1042,108): warning C4244:         ]
C:\Users\kryat\Desktop\proyecto juego\ZombieKill\juego.cpp(1042,75): warning C4244:  'argument': conversion from 'const T' to 'T', possible loss of data
C:\Users\kryat\Desktop\proyecto juego\ZombieKill\juego.cpp(1042,75): warning C4244:         with
C:\Users\kryat\Desktop\proyecto juego\ZombieKill\juego.cpp(1042,75): warning C4244:         [
C:\Users\kryat\Desktop\proyecto juego\ZombieKill\juego.cpp(1042,75): warning C4244:             T=float
C:\Users\kryat\Desktop\proyecto juego\ZombieKill\juego.cpp(1042,75): warning C4244:         ]
C:\Users\kryat\Desktop\proyecto juego\ZombieKill\juego.cpp(1042,75): warning C4244:         and
C:\Users\kryat\Desktop\proyecto juego\ZombieKill\juego.cpp(1042,75): warning C4244:         [
C:\Users\kryat\Desktop\proyecto juego\ZombieKill\juego.cpp(1042,75): warning C4244:             T=int
C:\Users\kryat\Desktop\proyecto juego\ZombieKill\juego.cpp(1042,75): warning C4244:         ]
C:\Users\kryat\Desktop\proyecto juego\ZombieKill\juego.cpp(1042,46): warning C4244:  'argument': conversion from 'const T' to 'T', possible loss of data
C:\Users\kryat\Desktop\proyecto juego\ZombieKill\juego.cpp(1042,46): warning C4244:         with
C:\Users\kryat\Desktop\proyecto juego\ZombieKill\juego.cpp(1042,46): warning C4244:         [
C:\Users\kryat\Desktop\proyecto juego\ZombieKill\juego.cpp(1042,46): warning C4244:             T=float
C:\Users\kryat\Desktop\proyecto juego\ZombieKill\juego.cpp(1042,46): warning C4244:         ]
C:\Users\kryat\Desktop\proyecto juego\ZombieKill\juego.cpp(1042,46): warning C4244:         and
C:\Users\kryat\Desktop\proyecto juego\ZombieKill\juego.cpp(1042,46): warning C4244:         [
C:\Users\kryat\Desktop\proyecto juego\ZombieKill\juego.cpp(1042,46): warning C4244:             T=int
C:\Users\kryat\Desktop\proyecto juego\ZombieKill\juego.cpp(1042,46): warning C4244:         ]
C:\Users\kryat\Desktop\proyecto juego\ZombieKill\juego.cpp(1043,145): warning C4244:  'argument': conversion from 'T' to 'T', possible loss of data
C:\Users\kryat\Desktop\proyecto juego\ZombieKill\juego.cpp(1043,145): warning C4244:         with
C:\Users\kryat\Desktop\proyecto juego\ZombieKill\juego.cpp(1043,145): warning C4244:         [
C:\Users\kryat\Desktop\proyecto juego\ZombieKill\juego.cpp(1043,145): warning C4244:             T=float
C:\Users\kryat\Desktop\proyecto juego\ZombieKill\juego.cpp(1043,145): warning C4244:         ]
C:\Users\kryat\Desktop\proyecto juego\ZombieKill\juego.cpp(1043,145): warning C4244:         and
C:\Users\kryat\Desktop\proyecto juego\ZombieKill\juego.cpp(1043,145): warning C4244:         [
C:\Users\kryat\Desktop\proyecto juego\ZombieKill\juego.cpp(1043,145): warning C4244:             T=int
C:\Users\kryat\Desktop\proyecto juego\ZombieKill\juego.cpp(1043,145): warning C4244:         ]
C:\Users\kryat\Desktop\proyecto juego\ZombieKill\juego.cpp(1043,108): warning C4244:  'argument': conversion from 'T' to 'T', possible loss of data
C:\Users\kryat\Desktop\proyecto juego\ZombieKill\juego.cpp(1043,108): warning C4244:         with
C:\Users\kryat\Desktop\proyecto juego\ZombieKill\juego.cpp(1043,108): warning C4244:         [
C:\Users\kryat\Desktop\proyecto juego\ZombieKill\juego.cpp(1043,108): warning C4244:             T=float
C:\Users\kryat\Desktop\proyecto juego\ZombieKill\juego.cpp(1043,108): warning C4244:         ]
C:\Users\kryat\Desktop\proyecto juego\ZombieKill\juego.cpp(1043,108): warning C4244:         and
C:\Users\kryat\Desktop\proyecto juego\ZombieKill\juego.cpp(1043,108): warning C4244:         [
C:\Users\kryat\Desktop\proyecto juego\ZombieKill\juego.cpp(1043,108): warning C4244:             T=int
C:\Users\kryat\Desktop\proyecto juego\ZombieKill\juego.cpp(1043,108): warning C4244:         ]
C:\Users\kryat\Desktop\proyecto juego\ZombieKill\juego.cpp(1043,75): warning C4244:  'argument': conversion from 'const T' to 'T', possible loss of data
C:\Users\kryat\Desktop\proyecto juego\ZombieKill\juego.cpp(1043,75): warning C4244:         with
C:\Users\kryat\Desktop\proyecto juego\ZombieKill\juego.cpp(1043,75): warning C4244:         [
C:\Users\kryat\Desktop\proyecto juego\ZombieKill\juego.cpp(1043,75): warning C4244:             T=float
C:\Users\kryat\Desktop\proyecto juego\ZombieKill\juego.cpp(1043,75): warning C4244:         ]
C:\Users\kryat\Desktop\proyecto juego\ZombieKill\juego.cpp(1043,75): warning C4244:         and
C:\Users\kryat\Desktop\proyecto juego\ZombieKill\juego.cpp(1043,75): warning C4244:         [
C:\Users\kryat\Desktop\proyecto juego\ZombieKill\juego.cpp(1043,75): warning C4244:             T=int
C:\Users\kryat\Desktop\proyecto juego\ZombieKill\juego.cpp(1043,75): warning C4244:         ]
C:\Users\kryat\Desktop\proyecto juego\ZombieKill\juego.cpp(1043,46): warning C4244:  'argument': conversion from 'const T' to 'T', possible loss of data
C:\Users\kryat\Desktop\proyecto juego\ZombieKill\juego.cpp(1043,46): warning C4244:         with
C:\Users\kryat\Desktop\proyecto juego\ZombieKill\juego.cpp(1043,46): warning C4244:         [
C:\Users\kryat\Desktop\proyecto juego\ZombieKill\juego.cpp(1043,46): warning C4244:             T=float
C:\Users\kryat\Desktop\proyecto juego\ZombieKill\juego.cpp(1043,46): warning C4244:         ]
C:\Users\kryat\Desktop\proyecto juego\ZombieKill\juego.cpp(1043,46): warning C4244:         and
C:\Users\kryat\Desktop\proyecto juego\ZombieKill\juego.cpp(1043,46): warning C4244:         [
C:\Users\kryat\Desktop\proyecto juego\ZombieKill\juego.cpp(1043,46): warning C4244:             T=int
C:\Users\kryat\Desktop\proyecto juego\ZombieKill\juego.cpp(1043,46): warning C4244:         ]
C:\Users\kryat\Desktop\proyecto juego\ZombieKill\juego.cpp(1044,147): warning C4244:  'argument': conversion from 'T' to 'T', possible loss of data
C:\Users\kryat\Desktop\proyecto juego\ZombieKill\juego.cpp(1044,147): warning C4244:         with
C:\Users\kryat\Desktop\proyecto juego\ZombieKill\juego.cpp(1044,147): warning C4244:         [
C:\Users\kryat\Desktop\proyecto juego\ZombieKill\juego.cpp(1044,147): warning C4244:             T=float
C:\Users\kryat\Desktop\proyecto juego\ZombieKill\juego.cpp(1044,147): warning C4244:         ]
C:\Users\kryat\Desktop\proyecto juego\ZombieKill\juego.cpp(1044,147): warning C4244:         and
C:\Users\kryat\Desktop\proyecto juego\ZombieKill\juego.cpp(1044,147): warning C4244:         [
C:\Users\kryat\Desktop\proyecto juego\ZombieKill\juego.cpp(1044,147): warning C4244:             T=int
C:\Users\kryat\Desktop\proyecto juego\ZombieKill\juego.cpp(1044,147): warning C4244:         ]
C:\Users\kryat\Desktop\proyecto juego\ZombieKill\juego.cpp(1044,110): warning C4244:  'argument': conversion from 'T' to 'T', possible loss of data
C:\Users\kryat\Desktop\proyecto juego\ZombieKill\juego.cpp(1044,110): warning C4244:         with
C:\Users\kryat\Desktop\proyecto juego\ZombieKill\juego.cpp(1044,110): warning C4244:         [
C:\Users\kryat\Desktop\proyecto juego\ZombieKill\juego.cpp(1044,110): warning C4244:             T=float
C:\Users\kryat\Desktop\proyecto juego\ZombieKill\juego.cpp(1044,110): warning C4244:         ]
C:\Users\kryat\Desktop\proyecto juego\ZombieKill\juego.cpp(1044,110): warning C4244:         and
C:\Users\kryat\Desktop\proyecto juego\ZombieKill\juego.cpp(1044,110): warning C4244:         [
C:\Users\kryat\Desktop\proyecto juego\ZombieKill\juego.cpp(1044,110): warning C4244:             T=int
C:\Users\kryat\Desktop\proyecto juego\ZombieKill\juego.cpp(1044,110): warning C4244:         ]
C:\Users\kryat\Desktop\proyecto juego\ZombieKill\juego.cpp(1044,77): warning C4244:  'argument': conversion from 'const T' to 'T', possible loss of data
C:\Users\kryat\Desktop\proyecto juego\ZombieKill\juego.cpp(1044,77): warning C4244:         with
C:\Users\kryat\Desktop\proyecto juego\ZombieKill\juego.cpp(1044,77): warning C4244:         [
C:\Users\kryat\Desktop\proyecto juego\ZombieKill\juego.cpp(1044,77): warning C4244:             T=float
C:\Users\kryat\Desktop\proyecto juego\ZombieKill\juego.cpp(1044,77): warning C4244:         ]
C:\Users\kryat\Desktop\proyecto juego\ZombieKill\juego.cpp(1044,77): warning C4244:         and
C:\Users\kryat\Desktop\proyecto juego\ZombieKill\juego.cpp(1044,77): warning C4244:         [
C:\Users\kryat\Desktop\proyecto juego\ZombieKill\juego.cpp(1044,77): warning C4244:             T=int
C:\Users\kryat\Desktop\proyecto juego\ZombieKill\juego.cpp(1044,77): warning C4244:         ]
C:\Users\kryat\Desktop\proyecto juego\ZombieKill\juego.cpp(1044,48): warning C4244:  'argument': conversion from 'const T' to 'T', possible loss of data
C:\Users\kryat\Desktop\proyecto juego\ZombieKill\juego.cpp(1044,48): warning C4244:         with
C:\Users\kryat\Desktop\proyecto juego\ZombieKill\juego.cpp(1044,48): warning C4244:         [
C:\Users\kryat\Desktop\proyecto juego\ZombieKill\juego.cpp(1044,48): warning C4244:             T=float
C:\Users\kryat\Desktop\proyecto juego\ZombieKill\juego.cpp(1044,48): warning C4244:         ]
C:\Users\kryat\Desktop\proyecto juego\ZombieKill\juego.cpp(1044,48): warning C4244:         and
C:\Users\kryat\Desktop\proyecto juego\ZombieKill\juego.cpp(1044,48): warning C4244:         [
C:\Users\kryat\Desktop\proyecto juego\ZombieKill\juego.cpp(1044,48): warning C4244:             T=int
C:\Users\kryat\Desktop\proyecto juego\ZombieKill\juego.cpp(1044,48): warning C4244:         ]
C:\Users\kryat\Desktop\proyecto juego\ZombieKill\juego.cpp(1045,141): warning C4244:  'argument': conversion from 'T' to 'T', possible loss of data
C:\Users\kryat\Desktop\proyecto juego\ZombieKill\juego.cpp(1045,141): warning C4244:         with
C:\Users\kryat\Desktop\proyecto juego\ZombieKill\juego.cpp(1045,141): warning C4244:         [
C:\Users\kryat\Desktop\proyecto juego\ZombieKill\juego.cpp(1045,141): warning C4244:             T=float
C:\Users\kryat\Desktop\proyecto juego\ZombieKill\juego.cpp(1045,141): warning C4244:         ]
C:\Users\kryat\Desktop\proyecto juego\ZombieKill\juego.cpp(1045,141): warning C4244:         and
C:\Users\kryat\Desktop\proyecto juego\ZombieKill\juego.cpp(1045,141): warning C4244:         [
C:\Users\kryat\Desktop\proyecto juego\ZombieKill\juego.cpp(1045,141): warning C4244:             T=int
C:\Users\kryat\Desktop\proyecto juego\ZombieKill\juego.cpp(1045,141): warning C4244:         ]
C:\Users\kryat\Desktop\proyecto juego\ZombieKill\juego.cpp(1045,105): warning C4244:  'argument': conversion from 'T' to 'T', possible loss of data
C:\Users\kryat\Desktop\proyecto juego\ZombieKill\juego.cpp(1045,105): warning C4244:         with
C:\Users\kryat\Desktop\proyecto juego\ZombieKill\juego.cpp(1045,105): warning C4244:         [
C:\Users\kryat\Desktop\proyecto juego\ZombieKill\juego.cpp(1045,105): warning C4244:             T=float
C:\Users\kryat\Desktop\proyecto juego\ZombieKill\juego.cpp(1045,105): warning C4244:         ]
C:\Users\kryat\Desktop\proyecto juego\ZombieKill\juego.cpp(1045,105): warning C4244:         and
C:\Users\kryat\Desktop\proyecto juego\ZombieKill\juego.cpp(1045,105): warning C4244:         [
C:\Users\kryat\Desktop\proyecto juego\ZombieKill\juego.cpp(1045,105): warning C4244:             T=int
C:\Users\kryat\Desktop\proyecto juego\ZombieKill\juego.cpp(1045,105): warning C4244:         ]
C:\Users\kryat\Desktop\proyecto juego\ZombieKill\juego.cpp(1045,73): warning C4244:  'argument': conversion from 'const T' to 'T', possible loss of data
C:\Users\kryat\Desktop\proyecto juego\ZombieKill\juego.cpp(1045,73): warning C4244:         with
C:\Users\kryat\Desktop\proyecto juego\ZombieKill\juego.cpp(1045,73): warning C4244:         [
C:\Users\kryat\Desktop\proyecto juego\ZombieKill\juego.cpp(1045,73): warning C4244:             T=float
C:\Users\kryat\Desktop\proyecto juego\ZombieKill\juego.cpp(1045,73): warning C4244:         ]
C:\Users\kryat\Desktop\proyecto juego\ZombieKill\juego.cpp(1045,73): warning C4244:         and
C:\Users\kryat\Desktop\proyecto juego\ZombieKill\juego.cpp(1045,73): warning C4244:         [
C:\Users\kryat\Desktop\proyecto juego\ZombieKill\juego.cpp(1045,73): warning C4244:             T=int
C:\Users\kryat\Desktop\proyecto juego\ZombieKill\juego.cpp(1045,73): warning C4244:         ]
C:\Users\kryat\Desktop\proyecto juego\ZombieKill\juego.cpp(1045,45): warning C4244:  'argument': conversion from 'const T' to 'T', possible loss of data
C:\Users\kryat\Desktop\proyecto juego\ZombieKill\juego.cpp(1045,45): warning C4244:         with
C:\Users\kryat\Desktop\proyecto juego\ZombieKill\juego.cpp(1045,45): warning C4244:         [
C:\Users\kryat\Desktop\proyecto juego\ZombieKill\juego.cpp(1045,45): warning C4244:             T=float
C:\Users\kryat\Desktop\proyecto juego\ZombieKill\juego.cpp(1045,45): warning C4244:         ]
C:\Users\kryat\Desktop\proyecto juego\ZombieKill\juego.cpp(1045,45): warning C4244:         and
C:\Users\kryat\Desktop\proyecto juego\ZombieKill\juego.cpp(1045,45): warning C4244:         [
C:\Users\kryat\Desktop\proyecto juego\ZombieKill\juego.cpp(1045,45): warning C4244:             T=int
C:\Users\kryat\Desktop\proyecto juego\ZombieKill\juego.cpp(1045,45): warning C4244:         ]
C:\Users\kryat\Desktop\proyecto juego\ZombieKill\juego.cpp(1107,141): warning C4244:  'argument': conversion from 'T' to 'T', possible loss of data
C:\Users\kryat\Desktop\proyecto juego\ZombieKill\juego.cpp(1107,141): warning C4244:         with
C:\Users\kryat\Desktop\proyecto juego\ZombieKill\juego.cpp(1107,141): warning C4244:         [
C:\Users\kryat\Desktop\proyecto juego\ZombieKill\juego.cpp(1107,141): warning C4244:             T=float
C:\Users\kryat\Desktop\proyecto juego\ZombieKill\juego.cpp(1107,141): warning C4244:         ]
C:\Users\kryat\Desktop\proyecto juego\ZombieKill\juego.cpp(1107,141): warning C4244:         and
C:\Users\kryat\Desktop\proyecto juego\ZombieKill\juego.cpp(1107,141): warning C4244:         [
C:\Users\kryat\Desktop\proyecto juego\ZombieKill\juego.cpp(1107,141): warning C4244:             T=int
C:\Users\kryat\Desktop\proyecto juego\ZombieKill\juego.cpp(1107,141): warning C4244:         ]
C:\Users\kryat\Desktop\proyecto juego\ZombieKill\juego.cpp(1107,105): warning C4244:  'argument': conversion from 'T' to 'T', possible loss of data
C:\Users\kryat\Desktop\proyecto juego\ZombieKill\juego.cpp(1107,105): warning C4244:         with
C:\Users\kryat\Desktop\proyecto juego\ZombieKill\juego.cpp(1107,105): warning C4244:         [
C:\Users\kryat\Desktop\proyecto juego\ZombieKill\juego.cpp(1107,105): warning C4244:             T=float
C:\Users\kryat\Desktop\proyecto juego\ZombieKill\juego.cpp(1107,105): warning C4244:         ]
C:\Users\kryat\Desktop\proyecto juego\ZombieKill\juego.cpp(1107,105): warning C4244:         and
C:\Users\kryat\Desktop\proyecto juego\ZombieKill\juego.cpp(1107,105): warning C4244:         [
C:\Users\kryat\Desktop\proyecto juego\ZombieKill\juego.cpp(1107,105): warning C4244:             T=int
C:\Users\kryat\Desktop\proyecto juego\ZombieKill\juego.cpp(1107,105): warning C4244:         ]
C:\Users\kryat\Desktop\proyecto juego\ZombieKill\juego.cpp(1107,73): warning C4244:  'argument': conversion from 'const T' to 'T', possible loss of data
C:\Users\kryat\Desktop\proyecto juego\ZombieKill\juego.cpp(1107,73): warning C4244:         with
C:\Users\kryat\Desktop\proyecto juego\ZombieKill\juego.cpp(1107,73): warning C4244:         [
C:\Users\kryat\Desktop\proyecto juego\ZombieKill\juego.cpp(1107,73): warning C4244:             T=float
C:\Users\kryat\Desktop\proyecto juego\ZombieKill\juego.cpp(1107,73): warning C4244:         ]
C:\Users\kryat\Desktop\proyecto juego\ZombieKill\juego.cpp(1107,73): warning C4244:         and
C:\Users\kryat\Desktop\proyecto juego\ZombieKill\juego.cpp(1107,73): warning C4244:         [
C:\Users\kryat\Desktop\proyecto juego\ZombieKill\juego.cpp(1107,73): warning C4244:             T=int
C:\Users\kryat\Desktop\proyecto juego\ZombieKill\juego.cpp(1107,73): warning C4244:         ]
C:\Users\kryat\Desktop\proyecto juego\ZombieKill\juego.cpp(1107,45): warning C4244:  'argument': conversion from 'const T' to 'T', possible loss of data
C:\Users\kryat\Desktop\proyecto juego\ZombieKill\juego.cpp(1107,45): warning C4244:         with
C:\Users\kryat\Desktop\proyecto juego\ZombieKill\juego.cpp(1107,45): warning C4244:         [
C:\Users\kryat\Desktop\proyecto juego\ZombieKill\juego.cpp(1107,45): warning C4244:             T=float
C:\Users\kryat\Desktop\proyecto juego\ZombieKill\juego.cpp(1107,45): warning C4244:         ]
C:\Users\kryat\Desktop\proyecto juego\ZombieKill\juego.cpp(1107,45): warning C4244:         and
C:\Users\kryat\Desktop\proyecto juego\ZombieKill\juego.cpp(1107,45): warning C4244:         [
C:\Users\kryat\Desktop\proyecto juego\ZombieKill\juego.cpp(1107,45): warning C4244:             T=int
C:\Users\kryat\Desktop\proyecto juego\ZombieKill\juego.cpp(1107,45): warning C4244:         ]
C:\Users\kryat\Desktop\proyecto juego\ZombieKill\juego.cpp(1108,185): warning C4244:  'argument': conversion from 'T' to 'T', possible loss of data
C:\Users\kryat\Desktop\proyecto juego\ZombieKill\juego.cpp(1108,185): warning C4244:         with
C:\Users\kryat\Desktop\proyecto juego\ZombieKill\juego.cpp(1108,185): warning C4244:         [
C:\Users\kryat\Desktop\proyecto juego\ZombieKill\juego.cpp(1108,185): warning C4244:             T=float
C:\Users\kryat\Desktop\proyecto juego\ZombieKill\juego.cpp(1108,185): warning C4244:         ]
C:\Users\kryat\Desktop\proyecto juego\ZombieKill\juego.cpp(1108,185): warning C4244:         and
C:\Users\kryat\Desktop\proyecto juego\ZombieKill\juego.cpp(1108,185): warning C4244:         [
C:\Users\kryat\Desktop\proyecto juego\ZombieKill\juego.cpp(1108,185): warning C4244:             T=int
C:\Users\kryat\Desktop\proyecto juego\ZombieKill\juego.cpp(1108,185): warning C4244:         ]
C:\Users\kryat\Desktop\proyecto juego\ZombieKill\juego.cpp(1108,139): warning C4244:  'argument': conversion from 'T' to 'T', possible loss of data
C:\Users\kryat\Desktop\proyecto juego\ZombieKill\juego.cpp(1108,139): warning C4244:         with
C:\Users\kryat\Desktop\proyecto juego\ZombieKill\juego.cpp(1108,139): warning C4244:         [
C:\Users\kryat\Desktop\proyecto juego\ZombieKill\juego.cpp(1108,139): warning C4244:             T=float
C:\Users\kryat\Desktop\proyecto juego\ZombieKill\juego.cpp(1108,139): warning C4244:         ]
C:\Users\kryat\Desktop\proyecto juego\ZombieKill\juego.cpp(1108,139): warning C4244:         and
C:\Users\kryat\Desktop\proyecto juego\ZombieKill\juego.cpp(1108,139): warning C4244:         [
C:\Users\kryat\Desktop\proyecto juego\ZombieKill\juego.cpp(1108,139): warning C4244:             T=int
C:\Users\kryat\Desktop\proyecto juego\ZombieKill\juego.cpp(1108,139): warning C4244:         ]
C:\Users\kryat\Desktop\proyecto juego\ZombieKill\juego.cpp(1108,97): warning C4244:  'argument': conversion from 'const T' to 'T', possible loss of data
C:\Users\kryat\Desktop\proyecto juego\ZombieKill\juego.cpp(1108,97): warning C4244:         with
C:\Users\kryat\Desktop\proyecto juego\ZombieKill\juego.cpp(1108,97): warning C4244:         [
C:\Users\kryat\Desktop\proyecto juego\ZombieKill\juego.cpp(1108,97): warning C4244:             T=float
C:\Users\kryat\Desktop\proyecto juego\ZombieKill\juego.cpp(1108,97): warning C4244:         ]
C:\Users\kryat\Desktop\proyecto juego\ZombieKill\juego.cpp(1108,97): warning C4244:         and
C:\Users\kryat\Desktop\proyecto juego\ZombieKill\juego.cpp(1108,97): warning C4244:         [
C:\Users\kryat\Desktop\proyecto juego\ZombieKill\juego.cpp(1108,97): warning C4244:             T=int
C:\Users\kryat\Desktop\proyecto juego\ZombieKill\juego.cpp(1108,97): warning C4244:         ]
  zombie.cpp
C:\Users\kryat\Desktop\proyecto juego\ZombieKill\juego.cpp(1108,59): warning C4244:  'argument': conversion from 'const T' to 'T', possible loss of data
C:\Users\kryat\Desktop\proyecto juego\ZombieKill\juego.cpp(1108,59): warning C4244:         with
C:\Users\kryat\Desktop\proyecto juego\ZombieKill\juego.cpp(1108,59): warning C4244:         [
C:\Users\kryat\Desktop\proyecto juego\ZombieKill\juego.cpp(1108,59): warning C4244:             T=float
C:\Users\kryat\Desktop\proyecto juego\ZombieKill\juego.cpp(1108,59): warning C4244:         ]
C:\Users\kryat\Desktop\proyecto juego\ZombieKill\juego.cpp(1108,59): warning C4244:         and
C:\Users\kryat\Desktop\proyecto juego\ZombieKill\juego.cpp(1108,59): warning C4244:         [
C:\Users\kryat\Desktop\proyecto juego\ZombieKill\juego.cpp(1108,59): warning C4244:             T=int
C:\Users\kryat\Desktop\proyecto juego\ZombieKill\juego.cpp(1108,59): warning C4244:         ]
  Generating Code...
C:\Users\kryat\Desktop\proyecto juego\ZombieKill\survivor.h(15,38): warning C4244:  '=': conversion from 'float' to 'int', possible loss of data
C:\Users\kryat\Desktop\proyecto juego\ZombieKill\survivor.h(15,38): warning C4244: C:\Users\kryat\Desktop\proyecto juego\ZombieKill\juego.cpp(983) : warning C4715: 'juego::menu_escribirNombre': not all control paths return a value
  Zombie Kill.vcxproj -> C:\Users\kryat\Desktop\proyecto juego\ZombieKill\Debug\Zombie Kill.exe
